<?xml version="1.0" encoding="UTF-8"?>
<!-- Generated by org.testng.reporters.JUnitReportReporter -->
<testsuite hostname="JuanCarlosWiser" failures="0" tests="3" name="ejemplosTestNG.SegundaPrueba" time="8.393" errors="0" timestamp="2023-01-29T22:31:20 GMT-06:00" skipped="0">
  <testcase classname="ejemplosTestNG.SegundaPrueba" name="logout" time="0.114"/>
  <system-out/>
  <testcase classname="ejemplosTestNG.SegundaPrueba" name="login" time="1.797"/>
  <system-out/>
  <testcase classname="ejemplosTestNG.SegundaPrueba" name="abrirApp" time="6.482"/>
  <system-out/>
</testsuite> <!-- ejemplosTestNG.SegundaPrueba -->
