<?xml version="1.0" encoding="UTF-8"?>
<!-- Generated by org.testng.reporters.JUnitReportReporter -->
<testsuite hostname="JuanCarlosWiser" failures="0" tests="2" name="ejemplosTestNG.anotaciones.AnotacionesClase" time="0.010" errors="0" timestamp="2023-02-01T22:54:23 GMT-06:00" skipped="0">
  <testcase classname="ejemplosTestNG.anotaciones.AnotacionesClase" name="busqueda" time="0.008"/>
  <system-out/>
  <testcase classname="ejemplosTestNG.anotaciones.AnotacionesClase" name="busquedaAvanzada" time="0.002"/>
  <system-out/>
</testsuite> <!-- ejemplosTestNG.anotaciones.AnotacionesClase -->
