<?xml version="1.0" encoding="UTF-8"?>
<!-- Generated by org.testng.reporters.JUnitReportReporter -->
<testsuite hostname="JuanCarlosWiser" failures="0" tests="2" name="ejemplosTestNG.anotaciones.AnotacionesDemo" time="0.021" errors="0" timestamp="2023-02-01T21:47:08 GMT-06:00" skipped="0">
  <testcase classname="ejemplosTestNG.anotaciones.AnotacionesDemo" name="busqueda" time="0.018"/>
  <system-out/>
  <testcase classname="ejemplosTestNG.anotaciones.AnotacionesDemo" name="busquedaAvanzada" time="0.003"/>
  <system-out/>
</testsuite> <!-- ejemplosTestNG.anotaciones.AnotacionesDemo -->
