<?xml version="1.0" encoding="UTF-8"?>
<!-- Generated by org.testng.reporters.JUnitReportReporter -->
<testsuite hostname="JuanCarlosWiser" failures="0" tests="2" name="ejemplosTestNG.anotaciones.AnotacionMetodo" time="0.018" errors="0" timestamp="2023-02-01T22:53:31 GMT-06:00" skipped="0">
  <testcase classname="ejemplosTestNG.anotaciones.AnotacionMetodo" name="busqueda" time="0.007"/>
  <system-out/>
  <testcase classname="ejemplosTestNG.anotaciones.AnotacionMetodo" name="busquedaAvanzada" time="0.011"/>
  <system-out/>
</testsuite> <!-- ejemplosTestNG.anotaciones.AnotacionMetodo -->
