<?xml version="1.0" encoding="UTF-8"?>
<!-- Generated by org.testng.reporters.JUnitReportReporter -->
<testsuite hostname="JuanCarlosWiser" failures="0" tests="3" name="ejemplosTestNG.PrimeraPrueba" time="0.004" errors="0" timestamp="2023-01-29T23:22:27 GMT-06:00" skipped="0">
  <testcase classname="ejemplosTestNG.PrimeraPrueba" name="test1" time="0.001"/>
  <system-out/>
  <testcase classname="ejemplosTestNG.PrimeraPrueba" name="test2" time="0.002"/>
  <system-out/>
  <testcase classname="ejemplosTestNG.PrimeraPrueba" name="test3" time="0.001"/>
  <system-out/>
</testsuite> <!-- ejemplosTestNG.PrimeraPrueba -->
