<?xml version="1.0" encoding="UTF-8"?>
<!-- Generated by org.testng.reporters.JUnitReportReporter -->
<testsuite hostname="JuanCarlosWiser" failures="0" tests="3" name="ejemplosTestNG.AnotacionPriority" time="8.063" errors="0" timestamp="2023-01-29T23:27:07 GMT-06:00" skipped="0">
  <testcase classname="ejemplosTestNG.AnotacionPriority" name="abrirApp" time="6.057"/>
  <system-out/>
  <testcase classname="ejemplosTestNG.AnotacionPriority" name="login" time="1.814"/>
  <system-out/>
  <testcase classname="ejemplosTestNG.AnotacionPriority" name="logout" time="0.192"/>
  <system-out/>
</testsuite> <!-- ejemplosTestNG.AnotacionPriority -->
